<?xml version="1.0" encoding="UTF-8" ?>
<testsuite tests="17" failures="0" name="de.zalando.buildstatus.BuildStatusMonitorTest" time="7.4" errors="0" skipped="0">
  <properties>
    <property name="java.runtime.name" value="Java(TM) SE Runtime Environment"/>
    <property name="sun.boot.library.path" value="/opt/java/64/jdk1.8.0_45/jre/lib/amd64"/>
    <property name="java.vm.version" value="25.45-b02"/>
    <property name="java.vm.vendor" value="Oracle Corporation"/>
    <property name="maven.multiModuleProjectDirectory" value="/home/jule/IdeaProjects/build-status-traffic-light"/>
    <property name="java.vendor.url" value="http://java.oracle.com/"/>
    <property name="path.separator" value=":"/>
    <property name="guice.disable.misplaced.annotation.check" value="true"/>
    <property name="java.vm.name" value="Java HotSpot(TM) 64-Bit Server VM"/>
    <property name="file.encoding.pkg" value="sun.io"/>
    <property name="user.country" value="US"/>
    <property name="sun.java.launcher" value="SUN_STANDARD"/>
    <property name="sun.os.patch.level" value="unknown"/>
    <property name="java.vm.specification.name" value="Java Virtual Machine Specification"/>
    <property name="user.dir" value="/home/jule/IdeaProjects/build-status-traffic-light"/>
    <property name="java.runtime.version" value="1.8.0_45-b14"/>
    <property name="java.awt.graphicsenv" value="sun.awt.X11GraphicsEnvironment"/>
    <property name="java.endorsed.dirs" value="/opt/java/64/jdk1.8.0_45/jre/lib/endorsed"/>
    <property name="os.arch" value="amd64"/>
    <property name="java.io.tmpdir" value="/tmp"/>
    <property name="line.separator" value="
"/>
    <property name="java.vm.specification.vendor" value="Oracle Corporation"/>
    <property name="os.name" value="Linux"/>
    <property name="classworlds.conf" value="/opt/apache-maven-3.3.9/bin/m2.conf"/>
    <property name="sun.jnu.encoding" value="UTF-8"/>
    <property name="java.library.path" value="/usr/java/packages/lib/amd64:/usr/lib64:/lib64:/lib:/usr/lib"/>
    <property name="java.specification.name" value="Java Platform API Specification"/>
    <property name="java.class.version" value="52.0"/>
    <property name="sun.management.compiler" value="HotSpot 64-Bit Tiered Compilers"/>
    <property name="os.version" value="3.19.0-58-generic"/>
    <property name="user.home" value="/home/jule"/>
    <property name="user.timezone" value="Europe/Berlin"/>
    <property name="java.awt.printerjob" value="sun.print.PSPrinterJob"/>
    <property name="file.encoding" value="UTF-8"/>
    <property name="java.specification.version" value="1.8"/>
    <property name="user.name" value="jule"/>
    <property name="java.class.path" value="/opt/apache-maven-3.3.9/boot/plexus-classworlds-2.5.2.jar"/>
    <property name="java.vm.specification.version" value="1.8"/>
    <property name="sun.arch.data.model" value="64"/>
    <property name="java.home" value="/opt/java/64/jdk1.8.0_45/jre"/>
    <property name="sun.java.command" value="org.codehaus.plexus.classworlds.launcher.Launcher clean package"/>
    <property name="java.specification.vendor" value="Oracle Corporation"/>
    <property name="user.language" value="en"/>
    <property name="awt.toolkit" value="sun.awt.X11.XToolkit"/>
    <property name="java.vm.info" value="mixed mode"/>
    <property name="java.version" value="1.8.0_45"/>
    <property name="java.ext.dirs" value="/opt/java/64/jdk1.8.0_45/jre/lib/ext:/usr/java/packages/lib/ext"/>
    <property name="securerandom.source" value="file:/dev/./urandom"/>
    <property name="sun.boot.class.path" value="/opt/java/64/jdk1.8.0_45/jre/lib/resources.jar:/opt/java/64/jdk1.8.0_45/jre/lib/rt.jar:/opt/java/64/jdk1.8.0_45/jre/lib/sunrsasign.jar:/opt/java/64/jdk1.8.0_45/jre/lib/jsse.jar:/opt/java/64/jdk1.8.0_45/jre/lib/jce.jar:/opt/java/64/jdk1.8.0_45/jre/lib/charsets.jar:/opt/java/64/jdk1.8.0_45/jre/lib/jfr.jar:/opt/java/64/jdk1.8.0_45/jre/classes"/>
    <property name="java.vendor" value="Oracle Corporation"/>
    <property name="maven.home" value="/opt/apache-maven-3.3.9"/>
    <property name="file.separator" value="/"/>
    <property name="java.vendor.url.bug" value="http://bugreport.sun.com/bugreport/"/>
    <property name="sun.cpu.endian" value="little"/>
    <property name="sun.io.unicode.encoding" value="UnicodeLittle"/>
    <property name="sun.desktop" value="gnome"/>
    <property name="sun.cpu.isalist" value=""/>
  </properties>
  <testcase classname="de.zalando.buildstatus.BuildStatusMonitorTest" name="ifAtLeastOneJobIsFailedIndicatorShouldDisplayFailure" time="2.908"/>
  <testcase classname="de.zalando.buildstatus.BuildStatusMonitorTest" name="failureBlinkingStatusShouldOverrideUnstableStatus" time="0.315"/>
  <testcase classname="de.zalando.buildstatus.BuildStatusMonitorTest" name="ifJenkinsJobIsBlueIndicatorShouldDisplaySuccess" time="0.238"/>
  <testcase classname="de.zalando.buildstatus.BuildStatusMonitorTest" name="failureBlinkingStatusShouldOverrideSuccessStatus" time="0.418"/>
  <testcase classname="de.zalando.buildstatus.BuildStatusMonitorTest" name="ifJenkinsJobIsRedIndicatorShouldDisplayFailed" time="0.175"/>
  <testcase classname="de.zalando.buildstatus.BuildStatusMonitorTest" name="unstableBlinkingStatusShouldNotOverrideFailedStatus" time="0.366"/>
  <testcase classname="de.zalando.buildstatus.BuildStatusMonitorTest" name="ifThereAreUnstableAndFailedJobsIndicatorShouldDisplayFailed" time="0.394"/>
  <testcase classname="de.zalando.buildstatus.BuildStatusMonitorTest" name="ifJenkinsJobIsBlueAnimatedIndicatorShouldDisplaySuccessBlinking" time="0.519"/>
  <testcase classname="de.zalando.buildstatus.BuildStatusMonitorTest" name="ifJenkinsJobIsRedAnimatedIndicatorShouldDisplayFailureBlinking" time="0.274"/>
  <testcase classname="de.zalando.buildstatus.BuildStatusMonitorTest" name="unstableBlinkingStatusShouldOverrideSuccessStatus" time="0.28"/>
  <testcase classname="de.zalando.buildstatus.BuildStatusMonitorTest" name="ifJenkinsJobIsYellowIndicatorShouldDisplayUnstable" time="0.272"/>
  <testcase classname="de.zalando.buildstatus.BuildStatusMonitorTest" name="ifJenkinsJobIsYellowAnimatedIndicatorShouldDisplayUnstableBlinking" time="0.231"/>
  <testcase classname="de.zalando.buildstatus.BuildStatusMonitorTest" name="successBlinkingStatusShouldOverrideNonBlinkingStatus" time="0.187"/>
  <testcase classname="de.zalando.buildstatus.BuildStatusMonitorTest" name="ifAllJobsAreSuccessIndicatorShouldDisplaySuccess" time="0.239"/>
  <testcase classname="de.zalando.buildstatus.BuildStatusMonitorTest" name="failureBlinkingStatusShouldOverrideNonBlinkingStatus" time="0.142"/>
  <testcase classname="de.zalando.buildstatus.BuildStatusMonitorTest" name="ifAtLeastOneJobIsUnstableIndicatorShouldDisplayUnstable" time="0.244"/>
  <testcase classname="de.zalando.buildstatus.BuildStatusMonitorTest" name="unstableBlinkingStatusShouldOverrideNonBlinkingStatus" time="0.198"/>
</testsuite>